<?xml version="1.0" encoding="UTF-8"?>
<!-- Generated by org.testng.reporters.JUnitXMLReporter -->
<testsuite ignored="2" hostname="DESKTOP-VQIDFIN" failures="0" tests="2" name="Test" time="92.355" errors="0" timestamp="2023-03-20T06:01:18 IST">
  <testcase classname="com.testscripts.demoblaze.AddToCart" name="addToCartTest" time="16.516"/>
  <testcase classname="com.testscripts.demoblaze.PlaceTheOrder" name="placeTheOrderTest" time="26.123"/>
  <testcase classname="com.genericlib.demoblaze.Base" name="@AfterTest configAT" time="0.0">
    <ignored/>
  </testcase> <!-- @AfterTest configAT -->
  <testcase classname="com.genericlib.demoblaze.Base" name="@BeforeTest configBT" time="0.0">
    <ignored/>
  </testcase> <!-- @BeforeTest configBT -->
</testsuite> <!-- Test -->
